<?xml version="1.0" encoding="UTF-8"?>
<testng-results ignored="0" total="1" passed="1" failed="0" skipped="0">
  <reporter-output>
  </reporter-output>
  <suite started-at="2024-10-08T23:58:55 ICT" name="Default suite" finished-at="2024-10-09T00:00:07 ICT" duration-ms="72028">
    <groups>
    </groups>
    <test started-at="2024-10-08T23:58:55 ICT" name="Default test" finished-at="2024-10-09T00:00:07 ICT" duration-ms="72028">
      <class name="tests.RadioButtonTest">
        <test-method is-config="true" signature="openPage()[pri:0, instance:tests.RadioButtonTest@4fb0f2b9]" started-at="2024-10-08T23:58:55 ICT" name="openPage" finished-at="2024-10-08T23:59:14 ICT" duration-ms="18043" status="PASS">
          <reporter-output>
          </reporter-output>
        </test-method> <!-- openPage -->
        <test-method signature="checkDefaultSelection()[pri:0, instance:tests.RadioButtonTest@4fb0f2b9]" started-at="2024-10-08T23:59:14 ICT" name="checkDefaultSelection" finished-at="2024-10-09T00:00:07 ICT" duration-ms="53887" status="PASS">
          <reporter-output>
          </reporter-output>
        </test-method> <!-- checkDefaultSelection -->
      </class> <!-- tests.RadioButtonTest -->
    </test> <!-- Default test -->
  </suite> <!-- Default suite -->
</testng-results>
